<?xml version="1.0" encoding="UTF-8"?>
<!-- Generated by org.testng.reporters.JUnitXMLReporter -->
<testsuite ignored="0" hostname="DESKTOP-3RJO6BK" failures="1" tests="3" name="OHRM_Login_Page_With_Single_Data" time="22.46" errors="0" timestamp="2023-10-10T15:43:33 IST">
  <testcase classname="com.OrangeHRMApplicationPagesTests.MultiUsersCredentials_OhrmLogin_Test" name="validatingLogInPanelTextTest" time="0.162"/>
  <testcase classname="com.OrangeHRMApplicationPagesTests.MultiUsersCredentials_OhrmLogin_Test" name="validatingOrangeHRMApplicationLogInPageLogoTest" time="0.111"/>
  <testcase classname="com.OrangeHRMApplicationPagesTests.MultiUsersCredentials_OhrmLogin_Test" name="orangeHRMApplicationLogInPage_logInTest" time="1.593">
    <failure type="java.io.IOException" message="The filename, directory name, or volume label syntax is incorrect">
      <![CDATA[java.io.IOException: The filename, directory name, or volume label syntax is incorrect
at java.base/java.io.WinNTFileSystem.canonicalize0(Native Method)
at java.base/java.io.WinNTFileSystem.canonicalize(WinNTFileSystem.java:462)
at java.base/java.io.File.getCanonicalPath(File.java:626)
at org.apache.commons.io.FileUtils.requireCanonicalPathsNotEquals(FileUtils.java:2601)
at org.apache.commons.io.FileUtils.copyFile(FileUtils.java:842)
at org.apache.commons.io.FileUtils.copyFile(FileUtils.java:756)
at com.OrangeHRMApplicationPages.MultiUserCredentials_Ohrm_Login_Page.orangeHRMApplicationLogInPage_logIn(MultiUserCredentials_Ohrm_Login_Page.java:99)
at com.OrangeHRMApplicationPagesTests.MultiUsersCredentials_OhrmLogin_Test.orangeHRMApplicationLogInPage_logInTest(MultiUsersCredentials_OhrmLogin_Test.java:50)
at java.base/java.util.ArrayList.forEach(ArrayList.java:1511)
... Removed 27 stack frames]]>
    </failure>
  </testcase> <!-- orangeHRMApplicationLogInPage_logInTest -->
</testsuite> <!-- OHRM_Login_Page_With_Single_Data -->
