<?xml version="1.0" encoding="UTF-8"?>
<!-- Generated by org.testng.reporters.JUnitXMLReporter -->
<testsuite ignored="0" hostname="DESKTOP-3RJO6BK" failures="0" tests="11" name="OHRM_Login_Page_Functionalities_With_Mutliple_TestData" time="14.735" errors="0" timestamp="2023-10-11T09:38:09 IST">
  <testcase classname="com.OrangeHRMApplicationPagesTests.MultiUsersCredentials_OhrmLoginPage_Test" name="validatingLogInPanelTextTest" time="0.076"/>
  <testcase classname="com.OrangeHRMApplicationPagesTests.MultiUsersCredentials_OhrmLoginPage_Test" name="validatingOrangeHRMApplicationLogoTest" time="0.084"/>
  <testcase classname="com.OrangeHRMApplicationPagesTests.MultiUsersCredentials_OhrmLoginPage_Test" name="orangeHRMApplicationLogInPage_logInTest" time="6.559"/>
  <testcase classname="com.OrangeHRMApplicationPagesTests.MultiUsersCredentials_OhrmLoginPage_Test" name="orangeHRMApplicationHome_WelcomeAdminClick" time="0.24"/>
  <testcase classname="com.OrangeHRMApplicationPagesTests.MultiUsersCredentials_OhrmLoginPage_Test" name="orangeHRMApplicationLogOutTest" time="2.016"/>
  <testcase classname="com.OrangeHRMApplicationPagesTests.MultiUsersCredentials_OhrmLoginPage_Test" name="orangeHRMApplicationLoginPage_ComboBoxTest" time="0.145"/>
  <testcase classname="com.OrangeHRMApplicationPagesTests.MultiUsersCredentials_OhrmLoginPage_Test" name="orangeHRMApplication_FooterLoginButtonTest" time="0.152"/>
  <testcase classname="com.OrangeHRMApplicationPagesTests.MultiUsersCredentials_OhrmLoginPage_Test" name="orangeHRMApplication_FooterAlternativeLoginTextTest" time="0.06"/>
  <testcase classname="com.OrangeHRMApplicationPagesTests.MultiUsersCredentials_OhrmLoginPage_Test" name="orangeHRMApplication_FooterDiv2ElementsTest" time="0.058"/>
  <testcase classname="com.OrangeHRMApplicationPagesTests.MultiUsersCredentials_OhrmLoginPage_Test" name="orangeHRMApplicationOhrmIncLinkTest" time="0.115"/>
  <testcase classname="com.OrangeHRMApplicationPagesTests.MultiUsersCredentials_OhrmLoginPage_Test" name="orangeHRMApplicationSocialIconsTest" time="0.231"/>
</testsuite> <!-- OHRM_Login_Page_Functionalities_With_Mutliple_TestData -->
